admin – 2025-09-26 11:41:28 – Logged In
user1 – 2025-09-26 11:41:28 – Viewed Dashboard
user2 – 2025-09-26 11:41:28 – Updated Profile
admin – 2025-09-26 11:41:28 – Accessed Reports
guest – 2025-09-26 11:41:28 – Page Load
user1 – 2025-09-26 11:41:28 – Logged Out
admin – 2025-09-26 11:41:28 – System Shutdown
admin – 2025-09-26 11:41:44 – Logged In
user1 – 2025-09-26 11:41:44 – Viewed Dashboard
user2 – 2025-09-26 11:41:44 – Updated Profile
admin – 2025-09-26 11:41:44 – Accessed Reports
guest – 2025-09-26 11:41:44 – Page Load
user1 – 2025-09-26 11:41:44 – Logged Out
admin – 2025-09-26 11:41:44 – System Shutdown
admin – 2025-09-26 11:41:44 – Logged In
user1 – 2025-09-26 11:41:44 – Viewed Dashboard
user2 – 2025-09-26 11:41:44 – Updated Profile
admin – 2025-09-26 11:41:44 – Accessed Reports
guest – 2025-09-26 11:41:44 – Page Load
user1 – 2025-09-26 11:41:44 – Logged Out
admin – 2025-09-26 11:41:44 – System Shutdown
admin – 2025-09-26 11:41:48 – Logged In
user1 – 2025-09-26 11:41:48 – Viewed Dashboard
user2 – 2025-09-26 11:41:48 – Updated Profile
admin – 2025-09-26 11:41:48 – Accessed Reports
guest – 2025-09-26 11:41:48 – Page Load
user1 – 2025-09-26 11:41:48 – Logged Out
admin – 2025-09-26 11:41:48 – System Shutdown
admin – 2025-09-26 11:41:48 – Logged In
user1 – 2025-09-26 11:41:48 – Viewed Dashboard
user2 – 2025-09-26 11:41:48 – Updated Profile
admin – 2025-09-26 11:41:48 – Accessed Reports
guest – 2025-09-26 11:41:48 – Page Load
user1 – 2025-09-26 11:41:48 – Logged Out
admin – 2025-09-26 11:41:48 – System Shutdown
admin – 2025-09-26 11:41:48 – Logged In
user1 – 2025-09-26 11:41:48 – Viewed Dashboard
user2 – 2025-09-26 11:41:48 – Updated Profile
admin – 2025-09-26 11:41:48 – Accessed Reports
guest – 2025-09-26 11:41:48 – Page Load
user1 – 2025-09-26 11:41:48 – Logged Out
admin – 2025-09-26 11:41:48 – System Shutdown
admin – 2025-09-26 11:41:48 – Logged In
user1 – 2025-09-26 11:41:48 – Viewed Dashboard
user2 – 2025-09-26 11:41:48 – Updated Profile
admin – 2025-09-26 11:41:48 – Accessed Reports
guest – 2025-09-26 11:41:48 – Page Load
user1 – 2025-09-26 11:41:48 – Logged Out
admin – 2025-09-26 11:41:48 – System Shutdown
admin – 2025-09-26 11:41:49 – Logged In
user1 – 2025-09-26 11:41:49 – Viewed Dashboard
user2 – 2025-09-26 11:41:49 – Updated Profile
admin – 2025-09-26 11:41:49 – Accessed Reports
guest – 2025-09-26 11:41:49 – Page Load
user1 – 2025-09-26 11:41:49 – Logged Out
admin – 2025-09-26 11:41:49 – System Shutdown
admin – 2025-09-26 11:41:49 – Logged In
user1 – 2025-09-26 11:41:49 – Viewed Dashboard
user2 – 2025-09-26 11:41:49 – Updated Profile
admin – 2025-09-26 11:41:49 – Accessed Reports
guest – 2025-09-26 11:41:49 – Page Load
user1 – 2025-09-26 11:41:49 – Logged Out
admin – 2025-09-26 11:41:49 – System Shutdown
admin – 2025-09-26 11:41:49 – Logged In
user1 – 2025-09-26 11:41:49 – Viewed Dashboard
user2 – 2025-09-26 11:41:49 – Updated Profile
admin – 2025-09-26 11:41:49 – Accessed Reports
guest – 2025-09-26 11:41:49 – Page Load
user1 – 2025-09-26 11:41:49 – Logged Out
admin – 2025-09-26 11:41:49 – System Shutdown
admin – 2025-09-26 11:41:49 – Logged In
user1 – 2025-09-26 11:41:49 – Viewed Dashboard
user2 – 2025-09-26 11:41:49 – Updated Profile
admin – 2025-09-26 11:41:49 – Accessed Reports
guest – 2025-09-26 11:41:49 – Page Load
user1 – 2025-09-26 11:41:49 – Logged Out
admin – 2025-09-26 11:41:49 – System Shutdown
admin – 2025-09-26 11:41:50 – Logged In
user1 – 2025-09-26 11:41:50 – Viewed Dashboard
user2 – 2025-09-26 11:41:50 – Updated Profile
admin – 2025-09-26 11:41:50 – Accessed Reports
guest – 2025-09-26 11:41:50 – Page Load
user1 – 2025-09-26 11:41:50 – Logged Out
admin – 2025-09-26 11:41:50 – System Shutdown
admin – 2025-09-26 11:41:50 – Logged In
user1 – 2025-09-26 11:41:50 – Viewed Dashboard
user2 – 2025-09-26 11:41:50 – Updated Profile
admin – 2025-09-26 11:41:50 – Accessed Reports
guest – 2025-09-26 11:41:50 – Page Load
user1 – 2025-09-26 11:41:50 – Logged Out
admin – 2025-09-26 11:41:50 – System Shutdown
admin – 2025-09-26 11:41:51 – Logged In
user1 – 2025-09-26 11:41:51 – Viewed Dashboard
user2 – 2025-09-26 11:41:51 – Updated Profile
admin – 2025-09-26 11:41:51 – Accessed Reports
guest – 2025-09-26 11:41:51 – Page Load
user1 – 2025-09-26 11:41:51 – Logged Out
admin – 2025-09-26 11:41:51 – System Shutdown
admin – 2025-09-26 11:41:51 – Logged In
user1 – 2025-09-26 11:41:51 – Viewed Dashboard
user2 – 2025-09-26 11:41:51 – Updated Profile
admin – 2025-09-26 11:41:51 – Accessed Reports
guest – 2025-09-26 11:41:51 – Page Load
user1 – 2025-09-26 11:41:51 – Logged Out
admin – 2025-09-26 11:41:51 – System Shutdown
admin – 2025-09-26 11:42:03 – Logged In
user1 – 2025-09-26 11:42:03 – Viewed Dashboard
user2 – 2025-09-26 11:42:03 – Updated Profile
admin – 2025-09-26 11:42:03 – Accessed Reports
guest – 2025-09-26 11:42:03 – Page Load
user1 – 2025-09-26 11:42:03 – Logged Out
admin – 2025-09-26 11:42:03 – System Shutdown
admin – 2025-09-26 11:42:03 – Logged In
user1 – 2025-09-26 11:42:03 – Viewed Dashboard
user2 – 2025-09-26 11:42:03 – Updated Profile
admin – 2025-09-26 11:42:03 – Accessed Reports
guest – 2025-09-26 11:42:03 – Page Load
user1 – 2025-09-26 11:42:03 – Logged Out
admin – 2025-09-26 11:42:03 – System Shutdown
admin – 2025-09-26 11:42:03 – Logged In
user1 – 2025-09-26 11:42:03 – Viewed Dashboard
user2 – 2025-09-26 11:42:03 – Updated Profile
admin – 2025-09-26 11:42:03 – Accessed Reports
guest – 2025-09-26 11:42:03 – Page Load
user1 – 2025-09-26 11:42:03 – Logged Out
admin – 2025-09-26 11:42:03 – System Shutdown
admin – 2025-09-26 11:42:04 – Logged In
user1 – 2025-09-26 11:42:04 – Viewed Dashboard
user2 – 2025-09-26 11:42:04 – Updated Profile
admin – 2025-09-26 11:42:04 – Accessed Reports
guest – 2025-09-26 11:42:04 – Page Load
user1 – 2025-09-26 11:42:04 – Logged Out
admin – 2025-09-26 11:42:04 – System Shutdown
admin – 2025-09-26 11:42:04 – Logged In
user1 – 2025-09-26 11:42:04 – Viewed Dashboard
user2 – 2025-09-26 11:42:04 – Updated Profile
admin – 2025-09-26 11:42:04 – Accessed Reports
guest – 2025-09-26 11:42:04 – Page Load
user1 – 2025-09-26 11:42:04 – Logged Out
admin – 2025-09-26 11:42:04 – System Shutdown
admin – 2025-09-26 11:42:45 – Logged In
user1 – 2025-09-26 11:42:45 – Viewed Dashboard
user2 – 2025-09-26 11:42:45 – Updated Profile
admin – 2025-09-26 11:42:45 – Accessed Reports
guest – 2025-09-26 11:42:45 – Page Load
user1 – 2025-09-26 11:42:45 – Logged Out
admin – 2025-09-26 11:42:45 – System Shutdown
admin – 2025-09-26 11:44:07 – Logged In
user1 – 2025-09-26 11:44:07 – Viewed Dashboard
user2 – 2025-09-26 11:44:07 – Updated Profile
admin – 2025-09-26 11:44:07 – Accessed Reports
guest – 2025-09-26 11:44:07 – Page Load
user1 – 2025-09-26 11:44:07 – Logged Out
admin – 2025-09-26 11:44:07 – System Shutdown
admin – 2025-09-26 11:44:07 – Logged In
user1 – 2025-09-26 11:44:07 – Viewed Dashboard
user2 – 2025-09-26 11:44:07 – Updated Profile
admin – 2025-09-26 11:44:07 – Accessed Reports
guest – 2025-09-26 11:44:07 – Page Load
user1 – 2025-09-26 11:44:07 – Logged Out
admin – 2025-09-26 11:44:07 – System Shutdown
admin – 2025-09-26 11:44:07 – Logged In
user1 – 2025-09-26 11:44:07 – Viewed Dashboard
user2 – 2025-09-26 11:44:07 – Updated Profile
admin – 2025-09-26 11:44:07 – Accessed Reports
guest – 2025-09-26 11:44:07 – Page Load
user1 – 2025-09-26 11:44:07 – Logged Out
admin – 2025-09-26 11:44:07 – System Shutdown
admin – 2025-09-26 11:44:26 – Logged In
user1 – 2025-09-26 11:44:26 – Viewed Dashboard
user2 – 2025-09-26 11:44:26 – Updated Profile
admin – 2025-09-26 11:44:26 – Accessed Reports
guest – 2025-09-26 11:44:26 – Page Load
user1 – 2025-09-26 11:44:26 – Logged Out
admin – 2025-09-26 11:44:26 – System Shutdown
admin – 2025-09-26 11:49:15 – Logged In
user1 – 2025-09-26 11:49:15 – Viewed Dashboard
user2 – 2025-09-26 11:49:15 – Updated Profile
admin – 2025-09-26 11:49:15 – Accessed Reports
guest – 2025-09-26 11:49:15 – Page Load
user1 – 2025-09-26 11:49:15 – Logged Out
admin – 2025-09-26 11:49:15 – System Shutdown
test_user - 2025-09-26 11:49:57 - Attempted Access
test_user - 2025-09-26 11:50:31 - Attempted Access
test_user - 2025-09-26 11:50:32 - Attempted Access
test_user - 2025-09-26 11:50:33 - Attempted Access
test_user - 2025-09-26 11:50:33 - Attempted Access
test_user - 2025-09-26 11:50:34 - Attempted Access
test_user - 2025-09-26 11:50:34 - Attempted Access
test_user - 2025-09-26 11:50:35 - Attempted Access
test_user - 2025-09-26 11:50:39 - Attempted Access
